[debug] [2022-08-10T20:49:08.062Z] ----------------------------------------------------------------------
[debug] [2022-08-10T20:49:08.065Z] Command:       C:\Users\DELL\.nvm\versions\node\v16.16.0\bin\node.exe C:\Users\DELL\AppData\Roaming\npm\node_modules\firebase-tools\lib\bin\firebase.js init
[debug] [2022-08-10T20:49:08.066Z] CLI Version:   11.4.2
[debug] [2022-08-10T20:49:08.066Z] Platform:      win32
[debug] [2022-08-10T20:49:08.066Z] Node Version:  v16.16.0
[debug] [2022-08-10T20:49:08.068Z] Time:          Thu Aug 11 2022 02:19:08 GMT+0530 (India Standard Time)
[debug] [2022-08-10T20:49:08.068Z] ----------------------------------------------------------------------
[debug] 
[debug] [2022-08-10T20:49:08.085Z] > command requires scopes: ["email","openid","https://www.googleapis.com/auth/cloudplatformprojects.readonly","https://www.googleapis.com/auth/firebase","https://www.googleapis.com/auth/cloud-platform"]
[debug] [2022-08-10T20:49:08.086Z] > authorizing via signed-in user (priyanshugupta212@gmail.com)
[info] 
     ######## #### ########  ######## ########     ###     ######  ########
     ##        ##  ##     ## ##       ##     ##  ##   ##  ##       ##
     ######    ##  ########  ######   ########  #########  ######  ######
     ##        ##  ##    ##  ##       ##     ## ##     ##       ## ##
     ##       #### ##     ## ######## ########  ##     ##  ######  ########

You're about to initialize a Firebase project in this directory:

  C:\Users\DELL\Desktop\netflix clone\netflix-clone

[info] 
=== Project Setup
[info] 
[info] First, let's associate this project directory with a Firebase project.
[info] You can create multiple project aliases by running firebase use --add, 
[info] but for now we'll just set up a default project.
[info] 
[debug] [2022-08-10T20:49:44.047Z] >>> [apiv2][query] GET https://firebase.googleapis.com/v1beta1/projects pageSize=100
[debug] [2022-08-10T20:49:45.535Z] <<< [apiv2][status] GET https://firebase.googleapis.com/v1beta1/projects 200
[debug] [2022-08-10T20:49:45.535Z] <<< [apiv2][body] GET https://firebase.googleapis.com/v1beta1/projects [omitted]
[info] i  Using project netflix-clone-26ba6 (netflix-clone) 
[info] 
=== Hosting Setup
[info] 
[info] Your public directory is the folder (relative to your project directory) that
[info] will contain Hosting assets to be uploaded with firebase deploy. If you
[info] have a build process for your assets, use your build's output directory.
[info] 
[debug] [2022-08-10T20:50:46.760Z] >>> [apiv2][query] GET https://www.gstatic.com/firebasejs/releases.json [none]
[debug] [2022-08-10T20:50:47.298Z] <<< [apiv2][status] GET https://www.gstatic.com/firebasejs/releases.json 200
[debug] [2022-08-10T20:50:47.298Z] <<< [apiv2][body] GET https://www.gstatic.com/firebasejs/releases.json {"current":{"version":"9.9.2","browserURL":"https://www.gstatic.com/firebasejs/9.9.2/firebase.js","packageURL":"https://www.gstatic.com/firebasejs/9.9.2/firebase.tgz"},"live":{"version":"9.9","browserURL":"https://www.gstatic.com/firebasejs/live/9.9/firebase.js","packageURL":"https://www.gstatic.com/firebasejs/live/9.9/firebase.tgz"},"components":{"analytics":"https://www.gstatic.com/firebasejs/9.9.2/firebase-analytics.js","app":"https://www.gstatic.com/firebasejs/9.9.2/firebase-app.js","app-check":"https://www.gstatic.com/firebasejs/9.9.2/firebase-app-check.js","auth":"https://www.gstatic.com/firebasejs/9.9.2/firebase-auth.js","auth/cordova":"https://www.gstatic.com/firebasejs/9.9.2/firebase-auth/cordova.js","auth/react-native":"https://www.gstatic.com/firebasejs/9.9.2/firebase-auth/react-native.js","functions":"https://www.gstatic.com/firebasejs/9.9.2/firebase-functions.js","firestore":"https://www.gstatic.com/firebasejs/9.9.2/firebase-firestore.js","firestore/lite":"https://www.gstatic.com/firebasejs/9.9.2/firebase-firestore/lite.js","installations":"https://www.gstatic.com/firebasejs/9.9.2/firebase-installations.js","storage":"https://www.gstatic.com/firebasejs/9.9.2/firebase-storage.js","performance":"https://www.gstatic.com/firebasejs/9.9.2/firebase-performance.js","remote-config":"https://www.gstatic.com/firebasejs/9.9.2/firebase-remote-config.js","messaging":"https://www.gstatic.com/firebasejs/9.9.2/firebase-messaging.js","messaging/sw":"https://www.gstatic.com/firebasejs/9.9.2/firebase-messaging/sw.js","database":"https://www.gstatic.com/firebasejs/9.9.2/firebase-database.js","firestore.memory":"https://www.gstatic.com/firebasejs/9.9.2/firebase-firestore.memory.js"}}
[info] +  Wrote build/index.html 
[info] 
[info] i  Detected a .git folder at C:\Users\DELL\Desktop\netflix clone\netflix-clone 
[info] i  Authorizing with GitHub to upload your service account to a GitHub repository's secrets store. 
[info] 
[info] Visit this URL on this device to log in:
[info] https://github.com/login/oauth/authorize?client_id=89cf50f02ac6aaed3484&state=271870844&redirect_uri=http%3A%2F%2Flocalhost%3A9005&scope=read%3Auser%20repo%20public_repo
[info] 
[info] Waiting for authentication...
[debug] [2022-08-10T20:52:26.473Z] >>> [apiv2][query] POST https://github.com/login/oauth/access_token [none]
[debug] [2022-08-10T20:52:26.473Z] >>> [apiv2][body] POST https://github.com/login/oauth/access_token [stream]
[debug] [2022-08-10T20:52:27.206Z] <<< [apiv2][status] POST https://github.com/login/oauth/access_token 200
[debug] [2022-08-10T20:52:27.206Z] <<< [apiv2][body] POST https://github.com/login/oauth/access_token {"access_token":"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","token_type":"bearer","scope":"read:user,repo"}
[debug] [2022-08-10T20:52:27.258Z] >>> [apiv2][query] GET https://api.github.com/user [none]
[debug] [2022-08-10T20:52:28.090Z] <<< [apiv2][status] GET https://api.github.com/user 200
[debug] [2022-08-10T20:52:28.090Z] <<< [apiv2][body] GET https://api.github.com/user {"login":"priyanshugupta9329","id":86856920,"node_id":"MDQ6VXNlcjg2ODU2OTIw","avatar_url":"https://avatars.githubusercontent.com/u/86856920?v=4","gravatar_id":"","url":"https://api.github.com/users/priyanshugupta9329","html_url":"https://github.com/priyanshugupta9329","followers_url":"https://api.github.com/users/priyanshugupta9329/followers","following_url":"https://api.github.com/users/priyanshugupta9329/following{/other_user}","gists_url":"https://api.github.com/users/priyanshugupta9329/gists{/gist_id}","starred_url":"https://api.github.com/users/priyanshugupta9329/starred{/owner}{/repo}","subscriptions_url":"https://api.github.com/users/priyanshugupta9329/subscriptions","organizations_url":"https://api.github.com/users/priyanshugupta9329/orgs","repos_url":"https://api.github.com/users/priyanshugupta9329/repos","events_url":"https://api.github.com/users/priyanshugupta9329/events{/privacy}","received_events_url":"https://api.github.com/users/priyanshugupta9329/received_events","type":"User","site_admin":false,"name":null,"company":null,"blog":"","location":null,"email":null,"hireable":null,"bio":null,"twitter_username":null,"public_repos":11,"public_gists":0,"followers":0,"following":0,"created_at":"2021-07-02T21:47:59Z","updated_at":"2022-08-10T20:52:16Z","private_gists":0,"total_private_repos":0,"owned_private_repos":0,"disk_usage":18827,"collaborators":0,"two_factor_authentication":false,"plan":{"name":"free","space":976562499,"collaborators":0,"private_repos":10000}}
[info] 
[info] +  Success! Logged into GitHub as priyanshugupta9329 
[info] 
[debug] [2022-08-10T20:53:52.960Z] >>> [apiv2][query] GET https://api.github.com/repos/netflix-clone/actions/secrets/public-key type=owner
[debug] [2022-08-10T20:53:54.449Z] <<< [apiv2][status] GET https://api.github.com/repos/netflix-clone/actions/secrets/public-key 404
[debug] [2022-08-10T20:53:54.451Z] <<< [apiv2][body] GET https://api.github.com/repos/netflix-clone/actions/secrets/public-key {"message":"Not Found","documentation_url":"https://docs.github.com/rest"}
[debug] [2022-08-10T20:54:01.432Z] >>> [apiv2][query] GET https://api.github.com/repos/netflix-clone/actions/secrets/public-key type=owner
[debug] [2022-08-10T20:54:02.293Z] <<< [apiv2][status] GET https://api.github.com/repos/netflix-clone/actions/secrets/public-key 404
[debug] [2022-08-10T20:54:02.293Z] <<< [apiv2][body] GET https://api.github.com/repos/netflix-clone/actions/secrets/public-key {"message":"Not Found","documentation_url":"https://docs.github.com/rest"}
[debug] [2022-08-10T20:54:07.011Z] >>> [apiv2][query] GET https://api.github.com/repos/netflix-clone/actions/secrets/public-key type=owner
[debug] [2022-08-10T20:54:07.885Z] <<< [apiv2][status] GET https://api.github.com/repos/netflix-clone/actions/secrets/public-key 404
[debug] [2022-08-10T20:54:07.886Z] <<< [apiv2][body] GET https://api.github.com/repos/netflix-clone/actions/secrets/public-key {"message":"Not Found","documentation_url":"https://docs.github.com/rest"}
[debug] [2022-08-10T20:54:20.258Z] ----------------------------------------------------------------------
[debug] [2022-08-10T20:54:20.260Z] Command:       C:\Users\DELL\.nvm\versions\node\v16.16.0\bin\node.exe C:\Users\DELL\AppData\Roaming\npm\node_modules\firebase-tools\lib\bin\firebase.js init
[debug] [2022-08-10T20:54:20.261Z] CLI Version:   11.4.2
[debug] [2022-08-10T20:54:20.261Z] Platform:      win32
[debug] [2022-08-10T20:54:20.262Z] Node Version:  v16.16.0
[debug] [2022-08-10T20:54:20.263Z] Time:          Thu Aug 11 2022 02:24:20 GMT+0530 (India Standard Time)
[debug] [2022-08-10T20:54:20.263Z] ----------------------------------------------------------------------
[debug] 
[debug] [2022-08-10T20:54:20.276Z] > command requires scopes: ["email","openid","https://www.googleapis.com/auth/cloudplatformprojects.readonly","https://www.googleapis.com/auth/firebase","https://www.googleapis.com/auth/cloud-platform"]
[debug] [2022-08-10T20:54:20.276Z] > authorizing via signed-in user (priyanshugupta212@gmail.com)
[info] 
     ######## #### ########  ######## ########     ###     ######  ########
     ##        ##  ##     ## ##       ##     ##  ##   ##  ##       ##
     ######    ##  ########  ######   ########  #########  ######  ######
     ##        ##  ##    ##  ##       ##     ## ##     ##       ## ##
     ##       #### ##     ## ######## ########  ##     ##  ######  ########

You're about to initialize a Firebase project in this directory:

  C:\Users\DELL\Desktop\netflix clone\netflix-clone

